Determining if the pthread_create exist failed with the following output:
Change Dir: /home/jacob/CSCE350/program-2-jacmiller/build/CMakeFiles/CMakeTmp

Run Build Command:"/usr/bin/make" "cmTC_164cc/fast"
/usr/bin/make -f CMakeFiles/cmTC_164cc.dir/build.make CMakeFiles/cmTC_164cc.dir/build
make[1]: Entering directory '/home/jacob/CSCE350/program-2-jacmiller/build/CMakeFiles/CMakeTmp'
Building C object CMakeFiles/cmTC_164cc.dir/CheckSymbolExists.c.o
/usr/bin/cc    -o CMakeFiles/cmTC_164cc.dir/CheckSymbolExists.c.o   -c /home/jacob/CSCE350/program-2-jacmiller/build/CMakeFiles/CMakeTmp/CheckSymbolExists.c
Linking C executable cmTC_164cc
/usr/bin/cmake -E cmake_link_script CMakeFiles/cmTC_164cc.dir/link.txt --verbose=1
/usr/bin/cc      -rdynamic CMakeFiles/cmTC_164cc.dir/CheckSymbolExists.c.o  -o cmTC_164cc 
CMakeFiles/cmTC_164cc.dir/CheckSymbolExists.c.o: In function `main':
CheckSymbolExists.c:(.text+0x1b): undefined reference to `pthread_create'
collect2: error: ld returned 1 exit status
CMakeFiles/cmTC_164cc.dir/build.make:97: recipe for target 'cmTC_164cc' failed
make[1]: *** [cmTC_164cc] Error 1
make[1]: Leaving directory '/home/jacob/CSCE350/program-2-jacmiller/build/CMakeFiles/CMakeTmp'
Makefile:126: recipe for target 'cmTC_164cc/fast' failed
make: *** [cmTC_164cc/fast] Error 2

File /home/jacob/CSCE350/program-2-jacmiller/build/CMakeFiles/CMakeTmp/CheckSymbolExists.c:
/* */
#include <pthread.h>

int main(int argc, char** argv)
{
  (void)argv;
#ifndef pthread_create
  return ((int*)(&pthread_create))[argc];
#else
  (void)argc;
  return 0;
#endif
}

Determining if the function pthread_create exists in the pthreads failed with the following output:
Change Dir: /home/jacob/CSCE350/program-2-jacmiller/build/CMakeFiles/CMakeTmp

Run Build Command:"/usr/bin/make" "cmTC_8ac83/fast"
/usr/bin/make -f CMakeFiles/cmTC_8ac83.dir/build.make CMakeFiles/cmTC_8ac83.dir/build
make[1]: Entering directory '/home/jacob/CSCE350/program-2-jacmiller/build/CMakeFiles/CMakeTmp'
Building C object CMakeFiles/cmTC_8ac83.dir/CheckFunctionExists.c.o
/usr/bin/cc   -DCHECK_FUNCTION_EXISTS=pthread_create   -o CMakeFiles/cmTC_8ac83.dir/CheckFunctionExists.c.o   -c /usr/share/cmake-3.10/Modules/CheckFunctionExists.c
Linking C executable cmTC_8ac83
/usr/bin/cmake -E cmake_link_script CMakeFiles/cmTC_8ac83.dir/link.txt --verbose=1
/usr/bin/cc  -DCHECK_FUNCTION_EXISTS=pthread_create    -rdynamic CMakeFiles/cmTC_8ac83.dir/CheckFunctionExists.c.o  -o cmTC_8ac83 -lpthreads 
/usr/bin/x86_64-linux-gnu-ld: cannot find -lpthreads
collect2: error: ld returned 1 exit status
CMakeFiles/cmTC_8ac83.dir/build.make:97: recipe for target 'cmTC_8ac83' failed
make[1]: *** [cmTC_8ac83] Error 1
make[1]: Leaving directory '/home/jacob/CSCE350/program-2-jacmiller/build/CMakeFiles/CMakeTmp'
Makefile:126: recipe for target 'cmTC_8ac83/fast' failed
make: *** [cmTC_8ac83/fast] Error 2


